<?xml version="1.0" encoding="UTF-8"?>
<!-- Generated by org.testng.reporters.JUnitReportReporter -->
<testsuite skipped="0" hostname="DESKTOP-6TES89P" name="com.orangehrm.test.OpenPIMTest" tests="2" failures="0" timestamp="22 Jun 2020 12:38:00 GMT" time="46.005" errors="0">
  <testcase name="validateOpenPIMPageTitleTest" time="22.075" classname="com.orangehrm.test.OpenPIMTest"/>
  <testcase name="clickTest" time="23.930" classname="com.orangehrm.test.OpenPIMTest"/>
</testsuite> <!-- com.orangehrm.test.OpenPIMTest -->
