<?xml version="1.0" encoding="UTF-8"?>
<!-- Generated by org.testng.reporters.JUnitReportReporter -->
<testsuite skipped="0" hostname="DESKTOP-6TES89P" name="com.orangehrm.test.AddEmployeeTest" tests="2" failures="0" timestamp="22 Jun 2020 12:38:00 GMT" time="61.431" errors="0">
  <testcase name="validateAddEmployeeTest" time="35.533" classname="com.orangehrm.test.AddEmployeeTest"/>
  <testcase name="fillData" time="25.898" classname="com.orangehrm.test.AddEmployeeTest"/>
</testsuite> <!-- com.orangehrm.test.AddEmployeeTest -->
